#
# There is insufficient memory for the Java Runtime Environment to continue.
# Native memory allocation (malloc) failed to allocate 372080 bytes for Chunk::new
# Possible reasons:
#   The system is out of physical RAM or swap space
#   The process is running with CompressedOops enabled, and the Java Heap may be blocking the growth of the native heap
# Possible solutions:
#   Reduce memory load on the system
#   Increase physical memory or swap space
#   Check if swap backing store is full
#   Decrease Java heap size (-Xmx/-Xms)
#   Decrease number of Java threads
#   Decrease Java thread stack sizes (-Xss)
#   Set larger code cache with -XX:ReservedCodeCacheSize=
#   JVM is running with Unscaled Compressed Oops mode in which the Java heap is
#     placed in the first 4GB address space. The Java Heap base address is the
#     maximum limit for the native heap growth. Please use -XX:HeapBaseMinAddress
#     to set the Java Heap base and to place the Java Heap above 4GB virtual address.
# This output file may be truncated or incomplete.
#
#  Out of Memory Error (arena.cpp:189), pid=31236, tid=24704
#
# JRE version: OpenJDK Runtime Environment Temurin-17.0.8.1+1 (17.0.8.1+1) (build 17.0.8.1+1)
# Java VM: OpenJDK 64-Bit Server VM Temurin-17.0.8.1+1 (17.0.8.1+1, mixed mode, tiered, compressed oops, compressed class ptrs, g1 gc, windows-amd64)
# No core dump will be written. Minidumps are not enabled by default on client versions of Windows
#

---------------  S U M M A R Y ------------

Command Line: -Dfile.encoding=UTF-8 -Dstdout.encoding=UTF-8 -Dstderr.encoding=UTF-8 -XX:+ShowCodeDetailsInExceptionMessages com.miran.CONTROLLER.Main_Controller

Host: Intel(R) Core(TM) i5-4300U CPU @ 1.90GHz, 4 cores, 7G,  Windows 11 , 64 bit Build 22000 (10.0.22000.2538)
Time: Tue Apr  9 21:30:00 2024 India Standard Time elapsed time: 112.366596 seconds (0d 0h 1m 52s)

---------------  T H R E A D  ---------------

Current thread (0x000002582ad9e9a0):  JavaThread "C2 CompilerThread0" daemon [_thread_in_native, id=24704, stack(0x000000c2c3b00000,0x000000c2c3c00000)]


Current CompileTask:
C2: 112366 5531       4       net.bytebuddy.implementation.bytecode.StackManipulation$Compound::<init> (90 bytes)

Stack: [0x000000c2c3b00000,0x000000c2c3c00000]
Native frames: (J=compiled Java code, j=interpreted, Vv=VM code, C=native code)
V  [jvm.dll+0x678b0a]
V  [jvm.dll+0x835e84]
V  [jvm.dll+0x83762e]
V  [jvm.dll+0x837c93]
V  [jvm.dll+0x24746f]
V  [jvm.dll+0xac20c]
V  [jvm.dll+0xac7dc]
V  [jvm.dll+0x365ca7]
V  [jvm.dll+0x1bd012]
V  [jvm.dll+0x219d49]
V  [jvm.dll+0x219011]
V  [jvm.dll+0x1a534d]
V  [jvm.dll+0x228d8a]
V  [jvm.dll+0x226dcc]
V  [jvm.dll+0x7ec09b]
V  [jvm.dll+0x7e64ca]
V  [jvm.dll+0x677955]
C  [ucrtbase.dll+0x26c0c]
C  [KERNEL32.DLL+0x153e0]
C  [ntdll.dll+0x485b]


---------------  P R O C E S S  ---------------

Threads class SMR info:
_java_thread_list=0x000002583068b8b0, length=23, elements={
0x000002581186dde0, 0x000002582ad6d580, 0x000002582ad6e9a0, 0x000002582ad9a350,
0x000002582ad9ad10, 0x000002582ad9ce80, 0x000002582ad9dff0, 0x000002582ad9e9a0,
0x000002582f0235d0, 0x000002582f039570, 0x000002582f03c300, 0x000002582f03b8e0,
0x000002582f03bdf0, 0x000002582f038b50, 0x000002582f03a4a0, 0x000002582f03a9b0,
0x000002582f03b3d0, 0x000002582f51a4d0, 0x000002582f51c840, 0x000002582f51c330,
0x000002582f518670, 0x000002582f519fc0, 0x000002583072e730
}

Java Threads: ( => current thread )
  0x000002581186dde0 JavaThread "main" [_thread_in_Java, id=17968, stack(0x000000c2c2e00000,0x000000c2c2f00000)]
  0x000002582ad6d580 JavaThread "Reference Handler" daemon [_thread_blocked, id=28140, stack(0x000000c2c3500000,0x000000c2c3600000)]
  0x000002582ad6e9a0 JavaThread "Finalizer" daemon [_thread_blocked, id=14436, stack(0x000000c2c3600000,0x000000c2c3700000)]
  0x000002582ad9a350 JavaThread "Signal Dispatcher" daemon [_thread_blocked, id=27892, stack(0x000000c2c3700000,0x000000c2c3800000)]
  0x000002582ad9ad10 JavaThread "Attach Listener" daemon [_thread_blocked, id=18100, stack(0x000000c2c3800000,0x000000c2c3900000)]
  0x000002582ad9ce80 JavaThread "Service Thread" daemon [_thread_blocked, id=14224, stack(0x000000c2c3900000,0x000000c2c3a00000)]
  0x000002582ad9dff0 JavaThread "Monitor Deflation Thread" daemon [_thread_blocked, id=21820, stack(0x000000c2c3a00000,0x000000c2c3b00000)]
=>0x000002582ad9e9a0 JavaThread "C2 CompilerThread0" daemon [_thread_in_native, id=24704, stack(0x000000c2c3b00000,0x000000c2c3c00000)]
  0x000002582f0235d0 JavaThread "C1 CompilerThread0" daemon [_thread_blocked, id=13024, stack(0x000000c2c3c00000,0x000000c2c3d00000)]
  0x000002582f039570 JavaThread "Sweeper thread" daemon [_thread_blocked, id=7984, stack(0x000000c2c3d00000,0x000000c2c3e00000)]
  0x000002582f03c300 JavaThread "Notification Thread" daemon [_thread_blocked, id=20140, stack(0x000000c2c3e00000,0x000000c2c3f00000)]
  0x000002582f03b8e0 JavaThread "Common-Cleaner" daemon [_thread_blocked, id=17348, stack(0x000000c2c4000000,0x000000c2c4100000)]
  0x000002582f03bdf0 JavaThread "mysql-cj-abandoned-connection-cleanup" daemon [_thread_blocked, id=27840, stack(0x000000c2c4500000,0x000000c2c4600000)]
  0x000002582f038b50 JavaThread "Hibernate Connection Pool Validation Thread" daemon [_thread_blocked, id=14408, stack(0x000000c2c4600000,0x000000c2c4700000)]
  0x000002582f03a4a0 JavaThread "Hibernate Connection Pool Validation Thread" daemon [_thread_blocked, id=16228, stack(0x000000c2c4400000,0x000000c2c4500000)]
  0x000002582f03a9b0 JavaThread "Hibernate Connection Pool Validation Thread" daemon [_thread_blocked, id=8684, stack(0x000000c2c4800000,0x000000c2c4900000)]
  0x000002582f03b3d0 JavaThread "Hibernate Connection Pool Validation Thread" daemon [_thread_blocked, id=8376, stack(0x000000c2c4700000,0x000000c2c4800000)]
  0x000002582f51a4d0 JavaThread "Hibernate Connection Pool Validation Thread" daemon [_thread_blocked, id=24320, stack(0x000000c2c4b00000,0x000000c2c4c00000)]
  0x000002582f51c840 JavaThread "Hibernate Connection Pool Validation Thread" daemon [_thread_blocked, id=16520, stack(0x000000c2c2c00000,0x000000c2c2d00000)]
  0x000002582f51c330 JavaThread "Hibernate Connection Pool Validation Thread" daemon [_thread_blocked, id=11436, stack(0x000000c2c2d00000,0x000000c2c2e00000)]
  0x000002582f518670 JavaThread "Hibernate Connection Pool Validation Thread" daemon [_thread_blocked, id=31272, stack(0x000000c2c2b00000,0x000000c2c2c00000)]
  0x000002582f519fc0 JavaThread "Hibernate Connection Pool Validation Thread" daemon [_thread_blocked, id=30616, stack(0x000000c2c4c00000,0x000000c2c4d00000)]
  0x000002583072e730 JavaThread "C2 CompilerThread1" daemon [_thread_in_native, id=7888, stack(0x000000c2c4d00000,0x000000c2c4e00000)]

Other Threads:
  0x000002582ad6a640 VMThread "VM Thread" [stack: 0x000000c2c3400000,0x000000c2c3500000] [id=10008]
  0x000002582acf6af0 WatcherThread [stack: 0x000000c2c3f00000,0x000000c2c4000000] [id=26704]
  0x00000258118c6410 GCTaskThread "GC Thread#0" [stack: 0x000000c2c2f00000,0x000000c2c3000000] [id=6652]
  0x000002582f8cfbd0 GCTaskThread "GC Thread#1" [stack: 0x000000c2c4100000,0x000000c2c4200000] [id=31384]
  0x000002582f855d70 GCTaskThread "GC Thread#2" [stack: 0x000000c2c4200000,0x000000c2c4300000] [id=8064]
  0x000002582f856030 GCTaskThread "GC Thread#3" [stack: 0x000000c2c4300000,0x000000c2c4400000] [id=24240]
  0x00000258118d79b0 ConcurrentGCThread "G1 Main Marker" [stack: 0x000000c2c3000000,0x000000c2c3100000] [id=28860]
  0x00000258118d83c0 ConcurrentGCThread "G1 Conc#0" [stack: 0x000000c2c3100000,0x000000c2c3200000] [id=27516]
  0x000002582abb0090 ConcurrentGCThread "G1 Refine#0" [stack: 0x000000c2c3200000,0x000000c2c3300000] [id=23740]
  0x000002582abb0ac0 ConcurrentGCThread "G1 Service" [stack: 0x000000c2c3300000,0x000000c2c3400000] [id=14364]

Threads with active compile tasks:
C2 CompilerThread0   112420 5531       4       net.bytebuddy.implementation.bytecode.StackManipulation$Compound::<init> (90 bytes)
C2 CompilerThread1   112420 5535       4       net.bytebuddy.description.method.MethodDescription$AbstractBase::hashCode (111 bytes)

VM state: not at safepoint (normal execution)

VM Mutex/Monitor currently owned by a thread: None

Heap address: 0x0000000084e00000, size: 1970 MB, Compressed Oops mode: 32-bit

CDS archive(s) not mapped
Compressed class space mapped at: 0x0000000100000000-0x0000000140000000, reserved size: 1073741824
Narrow klass base: 0x0000000000000000, Narrow klass shift: 3, Narrow klass range: 0x140000000

GC Precious Log:
 CPUs: 4 total, 4 available
 Memory: 7879M
 Large Page Support: Disabled
 NUMA Support: Disabled
 Compressed Oops: Enabled (32-bit)
 Heap Region Size: 1M
 Heap Min Capacity: 8M
 Heap Initial Capacity: 124M
 Heap Max Capacity: 1970M
 Pre-touch: Disabled
 Parallel Workers: 4
 Concurrent Workers: 1
 Concurrent Refinement Workers: 4
 Periodic GC: Disabled

Heap:
 garbage-first heap   total 37888K, used 20866K [0x0000000084e00000, 0x0000000100000000)
  region size 1024K, 8 young (8192K), 2 survivors (2048K)
 Metaspace       used 43554K, committed 43776K, reserved 1114112K
  class space    used 5034K, committed 5120K, reserved 1048576K

Heap Regions: E=young(eden), S=young(survivor), O=old, HS=humongous(starts), HC=humongous(continues), CS=collection set, F=free, OA=open archive, CA=closed archive, TAMS=top-at-mark-start (previous, next)
|   0|0x0000000084e00000, 0x0000000084f00000, 0x0000000084f00000|100%|HS|  |TAMS 0x0000000084f00000, 0x0000000084e00000| Complete 
|   1|0x0000000084f00000, 0x0000000085000000, 0x0000000085000000|100%| O|  |TAMS 0x0000000085000000, 0x0000000084f00000| Untracked 
|   2|0x0000000085000000, 0x0000000085100000, 0x0000000085100000|100%| O|  |TAMS 0x0000000085100000, 0x0000000085000000| Untracked 
|   3|0x0000000085100000, 0x0000000085200000, 0x0000000085200000|100%| O|  |TAMS 0x0000000085200000, 0x0000000085100000| Untracked 
|   4|0x0000000085200000, 0x0000000085300000, 0x0000000085300000|100%| O|  |TAMS 0x0000000085200000, 0x0000000085200000| Untracked 
|   5|0x0000000085300000, 0x0000000085400000, 0x0000000085400000|100%| O|  |TAMS 0x0000000085400000, 0x0000000085300000| Untracked 
|   6|0x0000000085400000, 0x0000000085500000, 0x0000000085500000|100%| O|  |TAMS 0x0000000085500000, 0x0000000085400000| Untracked 
|   7|0x0000000085500000, 0x0000000085600000, 0x0000000085600000|100%| O|  |TAMS 0x0000000085500000, 0x0000000085500000| Untracked 
|   8|0x0000000085600000, 0x0000000085700000, 0x0000000085700000|100%| O|  |TAMS 0x0000000085600000, 0x0000000085600000| Untracked 
|   9|0x0000000085700000, 0x0000000085800000, 0x0000000085800000|100%| O|  |TAMS 0x0000000085700000, 0x0000000085700000| Untracked 
|  10|0x0000000085800000, 0x0000000085900000, 0x0000000085900000|100%| O|  |TAMS 0x0000000085800000, 0x0000000085800000| Untracked 
|  11|0x0000000085900000, 0x0000000085a00000, 0x0000000085a00000|100%| O|  |TAMS 0x0000000085a00000, 0x0000000085900000| Untracked 
|  12|0x0000000085a00000, 0x0000000085b00000, 0x0000000085b00000|100%| O|  |TAMS 0x0000000085a00000, 0x0000000085a00000| Untracked 
|  13|0x0000000085b00000, 0x0000000085c00000, 0x0000000085c00000|100%| O|  |TAMS 0x0000000085b00000, 0x0000000085b00000| Untracked 
|  14|0x0000000085c00000, 0x0000000085c00000, 0x0000000085d00000|  0%| F|  |TAMS 0x0000000085c00000, 0x0000000085c00000| Untracked 
|  15|0x0000000085d00000, 0x0000000085d00000, 0x0000000085e00000|  0%| F|  |TAMS 0x0000000085d00000, 0x0000000085d00000| Untracked 
|  16|0x0000000085e00000, 0x0000000085e00000, 0x0000000085f00000|  0%| F|  |TAMS 0x0000000085e00000, 0x0000000085e00000| Untracked 
|  17|0x0000000085f00000, 0x0000000085f00000, 0x0000000086000000|  0%| F|  |TAMS 0x0000000085f00000, 0x0000000085f00000| Untracked 
|  18|0x0000000086000000, 0x0000000086000000, 0x0000000086100000|  0%| F|  |TAMS 0x0000000086000000, 0x0000000086000000| Untracked 
|  19|0x0000000086100000, 0x0000000086100000, 0x0000000086200000|  0%| F|  |TAMS 0x0000000086100000, 0x0000000086100000| Untracked 
|  20|0x0000000086200000, 0x0000000086260810, 0x0000000086300000| 37%| S|CS|TAMS 0x0000000086200000, 0x0000000086200000| Complete 
|  21|0x0000000086300000, 0x0000000086300000, 0x0000000086400000|  0%| F|  |TAMS 0x0000000086300000, 0x0000000086300000| Untracked 
|  22|0x0000000086400000, 0x0000000086400000, 0x0000000086500000|  0%| F|  |TAMS 0x0000000086400000, 0x0000000086400000| Untracked 
|  23|0x0000000086500000, 0x0000000086600000, 0x0000000086600000|100%| S|CS|TAMS 0x0000000086500000, 0x0000000086500000| Complete 
|  24|0x0000000086600000, 0x0000000086600000, 0x0000000086700000|  0%| F|  |TAMS 0x0000000086600000, 0x0000000086600000| Untracked 
|  25|0x0000000086700000, 0x0000000086700000, 0x0000000086800000|  0%| F|  |TAMS 0x0000000086700000, 0x0000000086700000| Untracked 
|  26|0x0000000086800000, 0x0000000086800000, 0x0000000086900000|  0%| F|  |TAMS 0x0000000086800000, 0x0000000086800000| Untracked 
|  27|0x0000000086900000, 0x0000000086900000, 0x0000000086a00000|  0%| F|  |TAMS 0x0000000086900000, 0x0000000086900000| Untracked 
|  28|0x0000000086a00000, 0x0000000086a00000, 0x0000000086b00000|  0%| F|  |TAMS 0x0000000086a00000, 0x0000000086a00000| Untracked 
|  29|0x0000000086b00000, 0x0000000086b00000, 0x0000000086c00000|  0%| F|  |TAMS 0x0000000086b00000, 0x0000000086b00000| Untracked 
|  30|0x0000000086c00000, 0x0000000086c00000, 0x0000000086d00000|  0%| F|  |TAMS 0x0000000086c00000, 0x0000000086c00000| Untracked 
|  31|0x0000000086d00000, 0x0000000086e00000, 0x0000000086e00000|100%| E|  |TAMS 0x0000000086d00000, 0x0000000086d00000| Complete 
|  32|0x0000000086e00000, 0x0000000086f00000, 0x0000000086f00000|100%| E|CS|TAMS 0x0000000086e00000, 0x0000000086e00000| Complete 
|  33|0x0000000086f00000, 0x0000000087000000, 0x0000000087000000|100%| E|CS|TAMS 0x0000000086f00000, 0x0000000086f00000| Complete 
|  59|0x0000000088900000, 0x0000000088a00000, 0x0000000088a00000|100%| E|CS|TAMS 0x0000000088900000, 0x0000000088900000| Complete 
|  60|0x0000000088a00000, 0x0000000088b00000, 0x0000000088b00000|100%| E|CS|TAMS 0x0000000088a00000, 0x0000000088a00000| Complete 
| 123|0x000000008c900000, 0x000000008ca00000, 0x000000008ca00000|100%| E|CS|TAMS 0x000000008c900000, 0x000000008c900000| Complete 

Card table byte_map: [0x0000025824310000,0x00000258246f0000] _byte_map_base: 0x0000025823ee9000

Marking Bits (Prev, Next): (CMBitMap*) 0x00000258118c7a40, (CMBitMap*) 0x00000258118c7a80
 Prev Bits: [0x0000025824ad0000, 0x0000025826998000)
 Next Bits: [0x00000258269a0000, 0x0000025828868000)

Polling page: 0x000002580f830000

Metaspace:

Usage:
  Non-class:     37.62 MB used.
      Class:      4.92 MB used.
       Both:     42.53 MB used.

Virtual space:
  Non-class space:       64.00 MB reserved,      37.75 MB ( 59%) committed,  1 nodes.
      Class space:        1.00 GB reserved,       5.00 MB ( <1%) committed,  1 nodes.
             Both:        1.06 GB reserved,      42.75 MB (  4%) committed. 

Chunk freelists:
   Non-Class:  10.14 MB
       Class:  10.95 MB
        Both:  21.09 MB

MaxMetaspaceSize: unlimited
CompressedClassSpaceSize: 1.00 GB
Initial GC threshold: 21.00 MB
Current GC threshold: 59.06 MB
CDS: off
MetaspaceReclaimPolicy: balanced
 - commit_granule_bytes: 65536.
 - commit_granule_words: 8192.
 - virtual_space_node_default_size: 8388608.
 - enlarge_chunks_in_place: 1.
 - new_chunks_are_fully_committed: 0.
 - uncommit_free_chunks: 1.
 - use_allocation_guard: 0.
 - handle_deallocations: 1.


Internal statistics:

num_allocs_failed_limit: 6.
num_arena_births: 210.
num_arena_deaths: 0.
num_vsnodes_births: 2.
num_vsnodes_deaths: 0.
num_space_committed: 684.
num_space_uncommitted: 0.
num_chunks_returned_to_freelist: 6.
num_chunks_taken_from_freelist: 1212.
num_chunk_merges: 6.
num_chunk_splits: 845.
num_chunks_enlarged: 657.
num_inconsistent_stats: 0.

CodeHeap 'non-profiled nmethods': size=120000Kb used=2365Kb max_used=2365Kb free=117634Kb
 bounds [0x000002581ca00000, 0x000002581cc70000, 0x0000025823f30000]
CodeHeap 'profiled nmethods': size=120000Kb used=11326Kb max_used=11326Kb free=108673Kb
 bounds [0x0000025814f30000, 0x0000025815a40000, 0x000002581c460000]
CodeHeap 'non-nmethods': size=5760Kb used=1328Kb max_used=1360Kb free=4431Kb
 bounds [0x000002581c460000, 0x000002581c6d0000, 0x000002581ca00000]
 total_blobs=6207 nmethods=5559 adapters=559
 compilation: enabled
              stopped_count=0, restarted_count=0
 full_count=0

Compilation events (20 events):
Event: 112.328 Thread 0x000002582f0235d0 5552       1       net.bytebuddy.description.method.MethodDescription$ForLoadedConstructor::getInternalName (3 bytes)
Event: 112.328 Thread 0x000002582f0235d0 nmethod 5552 0x000002581cc4c190 code [0x000002581cc4c320, 0x000002581cc4c3f8]
Event: 112.330 Thread 0x000002582f0235d0 5553       3       org.hibernate.internal.util.collections.ArrayHelper::to2DStringArray (19 bytes)
Event: 112.331 Thread 0x000002582f0235d0 nmethod 5553 0x0000025815a38610 code [0x0000025815a387c0, 0x0000025815a38bb8]
Event: 112.341 Thread 0x000002583072e730 nmethod 5547 0x000002581cc4c490 code [0x000002581cc4c660, 0x000002581cc4ce18]
Event: 112.341 Thread 0x000002583072e730 5550       4       net.bytebuddy.implementation.bytecode.StackManipulation$Compound::isValid (45 bytes)
Event: 112.341 Thread 0x000002582f0235d0 5555       3       java.util.LinkedHashMap::keySet (25 bytes)
Event: 112.341 Thread 0x000002582f0235d0 nmethod 5555 0x0000025815a38d10 code [0x0000025815a38ec0, 0x0000025815a39298]
Event: 112.341 Thread 0x000002582f0235d0 5556       3       org.hibernate.mapping.RootClass::isVersioned (13 bytes)
Event: 112.342 Thread 0x000002582f0235d0 nmethod 5556 0x0000025815a39410 code [0x0000025815a395a0, 0x0000025815a39718]
Event: 112.343 Thread 0x000002582f0235d0 5557       1       org.hibernate.tuple.entity.EntityMetamodel::getSessionFactory (5 bytes)
Event: 112.343 Thread 0x000002582f0235d0 nmethod 5557 0x000002581cc4d090 code [0x000002581cc4d220, 0x000002581cc4d2f8]
Event: 112.346 Thread 0x000002583072e730 nmethod 5550 0x000002581cc4d390 code [0x000002581cc4d520, 0x000002581cc4d7b8]
Event: 112.346 Thread 0x000002583072e730 5554       4       net.bytebuddy.matcher.BooleanMatcher::matches (5 bytes)
Event: 112.347 Thread 0x000002583072e730 nmethod 5554 0x000002581cc4db10 code [0x000002581cc4dc80, 0x000002581cc4dcf8]
Event: 112.347 Thread 0x000002583072e730 5537       4       net.bytebuddy.jar.asm.ByteVector::put12 (64 bytes)
Event: 112.349 Thread 0x000002583072e730 nmethod 5537 0x000002581cc4de10 code [0x000002581cc4dfa0, 0x000002581cc4e148]
Event: 112.349 Thread 0x000002583072e730 5558       4       net.bytebuddy.implementation.bytecode.StackManipulation$Compound::apply (56 bytes)
Event: 112.356 Thread 0x000002583072e730 nmethod 5558 0x000002581cc4e290 code [0x000002581cc4e440, 0x000002581cc4e7d8]
Event: 112.356 Thread 0x000002583072e730 5538       4       net.bytebuddy.description.type.TypeDescription$Generic$OfNonGenericType::isArray (10 bytes)

GC Heap History (20 events):
Event: 4.954 GC heap before
{Heap before GC invocations=5 (full 0):
 garbage-first heap   total 27648K, used 7820K [0x0000000084e00000, 0x0000000100000000)
  region size 1024K, 5 young (5120K), 4 survivors (4096K)
 Metaspace       used 29611K, committed 29760K, reserved 1114112K
  class space    used 3395K, committed 3456K, reserved 1048576K
}
Event: 4.959 GC heap after
{Heap after GC invocations=6 (full 0):
 garbage-first heap   total 27648K, used 8263K [0x0000000084e00000, 0x0000000100000000)
  region size 1024K, 1 young (1024K), 1 survivors (1024K)
 Metaspace       used 29611K, committed 29760K, reserved 1114112K
  class space    used 3395K, committed 3456K, reserved 1048576K
}
Event: 5.279 GC heap before
{Heap before GC invocations=6 (full 0):
 garbage-first heap   total 27648K, used 18503K [0x0000000084e00000, 0x0000000100000000)
  region size 1024K, 11 young (11264K), 1 survivors (1024K)
 Metaspace       used 32670K, committed 32896K, reserved 1114112K
  class space    used 3777K, committed 3904K, reserved 1048576K
}
Event: 5.282 GC heap after
{Heap after GC invocations=7 (full 0):
 garbage-first heap   total 77824K, used 8399K [0x0000000084e00000, 0x0000000100000000)
  region size 1024K, 1 young (1024K), 1 survivors (1024K)
 Metaspace       used 32670K, committed 32896K, reserved 1114112K
  class space    used 3777K, committed 3904K, reserved 1048576K
}
Event: 5.880 GC heap before
{Heap before GC invocations=7 (full 0):
 garbage-first heap   total 77824K, used 21711K [0x0000000084e00000, 0x0000000100000000)
  region size 1024K, 16 young (16384K), 1 survivors (1024K)
 Metaspace       used 35987K, committed 36160K, reserved 1114112K
  class space    used 4311K, committed 4416K, reserved 1048576K
}
Event: 5.885 GC heap after
{Heap after GC invocations=8 (full 0):
 garbage-first heap   total 77824K, used 8864K [0x0000000084e00000, 0x0000000100000000)
  region size 1024K, 2 young (2048K), 2 survivors (2048K)
 Metaspace       used 35987K, committed 36160K, reserved 1114112K
  class space    used 4311K, committed 4416K, reserved 1048576K
}
Event: 20.210 GC heap before
{Heap before GC invocations=9 (full 0):
 garbage-first heap   total 37888K, used 29344K [0x0000000084e00000, 0x0000000100000000)
  region size 1024K, 22 young (22528K), 2 survivors (2048K)
 Metaspace       used 41272K, committed 41472K, reserved 1114112K
  class space    used 4962K, committed 5056K, reserved 1048576K
}
Event: 20.218 GC heap after
{Heap after GC invocations=10 (full 0):
 garbage-first heap   total 37888K, used 10562K [0x0000000084e00000, 0x0000000100000000)
  region size 1024K, 3 young (3072K), 3 survivors (3072K)
 Metaspace       used 41272K, committed 41472K, reserved 1114112K
  class space    used 4962K, committed 5056K, reserved 1048576K
}
Event: 20.328 GC heap before
{Heap before GC invocations=10 (full 0):
 garbage-first heap   total 37888K, used 11586K [0x0000000084e00000, 0x0000000100000000)
  region size 1024K, 4 young (4096K), 3 survivors (3072K)
 Metaspace       used 41338K, committed 41536K, reserved 1114112K
  class space    used 4963K, committed 5056K, reserved 1048576K
}
Event: 20.338 GC heap after
{Heap after GC invocations=11 (full 0):
 garbage-first heap   total 37888K, used 10896K [0x0000000084e00000, 0x0000000100000000)
  region size 1024K, 1 young (1024K), 1 survivors (1024K)
 Metaspace       used 41338K, committed 41536K, reserved 1114112K
  class space    used 4963K, committed 5056K, reserved 1048576K
}
Event: 31.226 GC heap before
{Heap before GC invocations=11 (full 0):
 garbage-first heap   total 37888K, used 26256K [0x0000000084e00000, 0x0000000100000000)
  region size 1024K, 16 young (16384K), 1 survivors (1024K)
 Metaspace       used 41995K, committed 42176K, reserved 1114112K
  class space    used 4989K, committed 5056K, reserved 1048576K
}
Event: 31.230 GC heap after
{Heap after GC invocations=12 (full 0):
 garbage-first heap   total 37888K, used 11594K [0x0000000084e00000, 0x0000000100000000)
  region size 1024K, 2 young (2048K), 2 survivors (2048K)
 Metaspace       used 41995K, committed 42176K, reserved 1114112K
  class space    used 4989K, committed 5056K, reserved 1048576K
}
Event: 47.176 GC heap before
{Heap before GC invocations=12 (full 0):
 garbage-first heap   total 37888K, used 26954K [0x0000000084e00000, 0x0000000100000000)
  region size 1024K, 17 young (17408K), 2 survivors (2048K)
 Metaspace       used 42488K, committed 42752K, reserved 1114112K
  class space    used 4999K, committed 5120K, reserved 1048576K
}
Event: 47.183 GC heap after
{Heap after GC invocations=13 (full 0):
 garbage-first heap   total 37888K, used 12494K [0x0000000084e00000, 0x0000000100000000)
  region size 1024K, 2 young (2048K), 2 survivors (2048K)
 Metaspace       used 42488K, committed 42752K, reserved 1114112K
  class space    used 4999K, committed 5120K, reserved 1048576K
}
Event: 72.058 GC heap before
{Heap before GC invocations=13 (full 0):
 garbage-first heap   total 37888K, used 27854K [0x0000000084e00000, 0x0000000100000000)
  region size 1024K, 17 young (17408K), 2 survivors (2048K)
 Metaspace       used 42931K, committed 43136K, reserved 1114112K
  class space    used 5019K, committed 5120K, reserved 1048576K
}
Event: 72.066 GC heap after
{Heap after GC invocations=14 (full 0):
 garbage-first heap   total 37888K, used 13584K [0x0000000084e00000, 0x0000000100000000)
  region size 1024K, 3 young (3072K), 3 survivors (3072K)
 Metaspace       used 42931K, committed 43136K, reserved 1114112K
  class space    used 5019K, committed 5120K, reserved 1048576K
}
Event: 85.810 GC heap before
{Heap before GC invocations=14 (full 0):
 garbage-first heap   total 37888K, used 27920K [0x0000000084e00000, 0x0000000100000000)
  region size 1024K, 17 young (17408K), 3 survivors (3072K)
 Metaspace       used 43226K, committed 43456K, reserved 1114112K
  class space    used 5025K, committed 5120K, reserved 1048576K
}
Event: 85.819 GC heap after
{Heap after GC invocations=15 (full 0):
 garbage-first heap   total 37888K, used 14735K [0x0000000084e00000, 0x0000000100000000)
  region size 1024K, 3 young (3072K), 3 survivors (3072K)
 Metaspace       used 43226K, committed 43456K, reserved 1114112K
  class space    used 5025K, committed 5120K, reserved 1048576K
}
Event: 112.270 GC heap before
{Heap before GC invocations=15 (full 0):
 garbage-first heap   total 37888K, used 28047K [0x0000000084e00000, 0x0000000100000000)
  region size 1024K, 16 young (16384K), 3 survivors (3072K)
 Metaspace       used 43497K, committed 43712K, reserved 1114112K
  class space    used 5030K, committed 5120K, reserved 1048576K
}
Event: 112.278 GC heap after
{Heap after GC invocations=16 (full 0):
 garbage-first heap   total 37888K, used 15746K [0x0000000084e00000, 0x0000000100000000)
  region size 1024K, 2 young (2048K), 2 survivors (2048K)
 Metaspace       used 43497K, committed 43712K, reserved 1114112K
  class space    used 5030K, committed 5120K, reserved 1048576K
}

Dll operation events (7 events):
Event: 0.035 Loaded shared library C:\Users\lenovo\.p2\pool\plugins\org.eclipse.justj.openjdk.hotspot.jre.full.win32.x86_64_17.0.8.v20230831-1047\jre\bin\java.dll
Event: 0.412 Loaded shared library C:\Users\lenovo\.p2\pool\plugins\org.eclipse.justj.openjdk.hotspot.jre.full.win32.x86_64_17.0.8.v20230831-1047\jre\bin\jimage.dll
Event: 0.424 Loaded shared library C:\Users\lenovo\.p2\pool\plugins\org.eclipse.justj.openjdk.hotspot.jre.full.win32.x86_64_17.0.8.v20230831-1047\jre\bin\zip.dll
Event: 2.564 Loaded shared library C:\Users\lenovo\.p2\pool\plugins\org.eclipse.justj.openjdk.hotspot.jre.full.win32.x86_64_17.0.8.v20230831-1047\jre\bin\net.dll
Event: 2.566 Loaded shared library C:\Users\lenovo\.p2\pool\plugins\org.eclipse.justj.openjdk.hotspot.jre.full.win32.x86_64_17.0.8.v20230831-1047\jre\bin\nio.dll
Event: 3.135 Loaded shared library C:\Users\lenovo\.p2\pool\plugins\org.eclipse.justj.openjdk.hotspot.jre.full.win32.x86_64_17.0.8.v20230831-1047\jre\bin\verify.dll
Event: 4.532 Loaded shared library C:\Users\lenovo\.p2\pool\plugins\org.eclipse.justj.openjdk.hotspot.jre.full.win32.x86_64_17.0.8.v20230831-1047\jre\bin\sunmscapi.dll

Deoptimization events (20 events):
Event: 85.483 Thread 0x000002581186dde0 Uncommon trap: trap_request=0xffffffbe fr.pc=0x000002581cbde558 relative=0x0000000000001e38
Event: 85.483 Thread 0x000002581186dde0 Uncommon trap: reason=profile_predicate action=maybe_recompile pc=0x000002581cbde558 method=net.bytebuddy.implementation.bytecode.StackManipulation$Compound.<init>(Ljava/util/List;)V @ 28 c2
Event: 85.483 Thread 0x000002581186dde0 DEOPT PACKING pc=0x000002581cbde558 sp=0x000000c2c2efcdd0
Event: 85.483 Thread 0x000002581186dde0 DEOPT UNPACKING pc=0x000002581c4b69a3 sp=0x000000c2c2efcdc0 mode 2
Event: 85.483 Thread 0x000002581186dde0 Uncommon trap: trap_request=0xffffffbe fr.pc=0x000002581cbde558 relative=0x0000000000001e38
Event: 85.483 Thread 0x000002581186dde0 Uncommon trap: reason=profile_predicate action=maybe_recompile pc=0x000002581cbde558 method=net.bytebuddy.implementation.bytecode.StackManipulation$Compound.<init>(Ljava/util/List;)V @ 28 c2
Event: 85.483 Thread 0x000002581186dde0 DEOPT PACKING pc=0x000002581cbde558 sp=0x000000c2c2efcd20
Event: 85.483 Thread 0x000002581186dde0 DEOPT UNPACKING pc=0x000002581c4b69a3 sp=0x000000c2c2efcd10 mode 2
Event: 85.483 Thread 0x000002581186dde0 Uncommon trap: trap_request=0xffffffbe fr.pc=0x000002581cbde558 relative=0x0000000000001e38
Event: 85.484 Thread 0x000002581186dde0 Uncommon trap: reason=profile_predicate action=maybe_recompile pc=0x000002581cbde558 method=net.bytebuddy.implementation.bytecode.StackManipulation$Compound.<init>(Ljava/util/List;)V @ 28 c2
Event: 85.484 Thread 0x000002581186dde0 DEOPT PACKING pc=0x000002581cbde558 sp=0x000000c2c2efcd00
Event: 85.484 Thread 0x000002581186dde0 DEOPT UNPACKING pc=0x000002581c4b69a3 sp=0x000000c2c2efccf0 mode 2
Event: 85.593 Thread 0x000002581186dde0 Uncommon trap: trap_request=0xffffffcc fr.pc=0x000002581cbfa050 relative=0x0000000000000330
Event: 85.593 Thread 0x000002581186dde0 Uncommon trap: reason=intrinsic_or_type_checked_inlining action=make_not_entrant pc=0x000002581cbfa050 method=java.util.Arrays.copyOf([Ljava/lang/Object;ILjava/lang/Class;)[Ljava/lang/Object; @ 35 c2
Event: 85.593 Thread 0x000002581186dde0 DEOPT PACKING pc=0x000002581cbfa050 sp=0x000000c2c2efd960
Event: 85.593 Thread 0x000002581186dde0 DEOPT UNPACKING pc=0x000002581c4b69a3 sp=0x000000c2c2efd8f0 mode 2
Event: 95.986 Thread 0x000002581186dde0 DEOPT PACKING pc=0x0000025815732c39 sp=0x000000c2c2efd8d0
Event: 95.986 Thread 0x000002581186dde0 DEOPT UNPACKING pc=0x000002581c4b7143 sp=0x000000c2c2efce80 mode 0
Event: 96.075 Thread 0x000002581186dde0 DEOPT PACKING pc=0x0000025815732c39 sp=0x000000c2c2efd5a0
Event: 96.075 Thread 0x000002581186dde0 DEOPT UNPACKING pc=0x000002581c4b7143 sp=0x000000c2c2efcb50 mode 0

Classes unloaded (0 events):
No events

Classes redefined (0 events):
No events

Internal exceptions (20 events):
Event: 4.070 Thread 0x000002581186dde0 Exception <a 'java/lang/NoSuchMethodError'{0x000000008c599190}: 'java.lang.Object java.lang.invoke.DirectMethodHandle$Holder.invokeInterface(java.lang.Object, java.lang.Object)'> (0x000000008c599190) 
thrown [s\src\hotspot\share\interpreter\linkResolver.cpp, line 759]
Event: 4.109 Thread 0x000002581186dde0 Exception <a 'java/lang/NoSuchMethodError'{0x000000008c4138f8}: 'void java.lang.invoke.DirectMethodHandle$Holder.invokeSpecial(java.lang.Object, java.lang.Object, java.lang.Object)'> (0x000000008c4138f8) 
thrown [s\src\hotspot\share\interpreter\linkResolver.cpp, line 759]
Event: 4.112 Thread 0x000002581186dde0 Exception <a 'java/lang/NoSuchMethodError'{0x000000008c41a2f8}: 'void java.lang.invoke.DirectMethodHandle$Holder.invokeStatic(java.lang.Object, java.lang.Object, java.lang.Object)'> (0x000000008c41a2f8) 
thrown [s\src\hotspot\share\interpreter\linkResolver.cpp, line 759]
Event: 4.115 Thread 0x000002581186dde0 Exception <a 'java/lang/NoSuchMethodError'{0x000000008c424860}: 'java.lang.Object java.lang.invoke.DirectMethodHandle$Holder.invokeVirtual(java.lang.Object, java.lang.Object, java.lang.Object)'> (0x000000008c424860) 
thrown [s\src\hotspot\share\interpreter\linkResolver.cpp, line 759]
Event: 4.257 Thread 0x000002581186dde0 Exception <a 'java/lang/NoSuchMethodError'{0x000000008635dbd0}: 'void java.lang.invoke.DirectMethodHandle$Holder.invokeStatic(java.lang.Object, java.lang.Object)'> (0x000000008635dbd0) 
thrown [s\src\hotspot\share\interpreter\linkResolver.cpp, line 759]
Event: 4.353 Thread 0x000002581186dde0 Exception <a 'java/lang/NoSuchMethodError'{0x000000008618a9f0}: 'void java.lang.invoke.DirectMethodHandle$Holder.invokeStaticInit(java.lang.Object, java.lang.Object)'> (0x000000008618a9f0) 
thrown [s\src\hotspot\share\interpreter\linkResolver.cpp, line 759]
Event: 4.432 Thread 0x000002581186dde0 Exception <a 'sun/nio/fs/WindowsException'{0x00000000860b6ea0}> (0x00000000860b6ea0) 
thrown [s\src\hotspot\share\prims\jni.cpp, line 516]
Event: 4.446 Thread 0x000002581186dde0 Exception <a 'java/lang/NoSuchMethodError'{0x00000000860dbf90}: 'int java.lang.invoke.DirectMethodHandle$Holder.invokeStaticInit(java.lang.Object, java.lang.Object, java.lang.Object, java.lang.Object)'> (0x00000000860dbf90) 
thrown [s\src\hotspot\share\interpreter\linkResolver.cpp, line 759]
Event: 4.447 Thread 0x000002581186dde0 Exception <a 'java/lang/IncompatibleClassChangeError'{0x00000000860e5498}: Found class java.lang.Object, but interface was expected> (0x00000000860e5498) 
thrown [s\src\hotspot\share\interpreter\linkResolver.cpp, line 826]
Event: 4.448 Thread 0x000002581186dde0 Exception <a 'java/lang/NoSuchMethodError'{0x00000000860eac48}: 'int java.lang.invoke.DirectMethodHandle$Holder.invokeStaticInit(java.lang.Object, java.lang.Object)'> (0x00000000860eac48) 
thrown [s\src\hotspot\share\interpreter\linkResolver.cpp, line 759]
Event: 4.750 Thread 0x000002581186dde0 Exception <a 'java/lang/NoSuchMethodError'{0x0000000085c9b3f8}: 'void java.lang.invoke.DirectMethodHandle$Holder.invokeVirtual(java.lang.Object, java.lang.Object)'> (0x0000000085c9b3f8) 
thrown [s\src\hotspot\share\interpreter\linkResolver.cpp, line 759]
Event: 5.015 Thread 0x000002581186dde0 Exception <a 'java/lang/NoSuchMethodError'{0x000000008c294ea0}: 'java.lang.Object java.lang.invoke.DirectMethodHandle$Holder.newInvokeSpecial(java.lang.Object, java.lang.Object, java.lang.Object, java.lang.Object, java.lang.Object)'> (0x000000008c294ea0) 
thrown [s\src\hotspot\share\interpreter\linkResolver.cpp, line 759]
Event: 5.897 Thread 0x000002581186dde0 Exception <a 'java/lang/NoSuchMethodError'{0x000000008c93c9d8}: 'void java.lang.invoke.DirectMethodHandle$Holder.invokeInterface(java.lang.Object, java.lang.Object)'> (0x000000008c93c9d8) 
thrown [s\src\hotspot\share\interpreter\linkResolver.cpp, line 759]
Event: 5.902 Thread 0x000002581186dde0 Exception <a 'java/lang/NoSuchMethodError'{0x000000008c94e568}: 'int java.lang.invoke.DirectMethodHandle$Holder.invokeStatic(java.lang.Object, java.lang.Object, int)'> (0x000000008c94e568) 
thrown [s\src\hotspot\share\interpreter\linkResolver.cpp, line 759]
Event: 5.935 Thread 0x000002581186dde0 Exception <a 'java/lang/NoSuchMethodError'{0x000000008c9d9328}: 'java.lang.Object java.lang.invoke.DirectMethodHandle$Holder.invokeStaticInit(java.lang.Object, java.lang.Object, java.lang.Object, java.lang.Object, int, int)'> (0x000000008c9d9328) 
thrown [s\src\hotspot\share\interpreter\linkResolver.cpp, line 759]
Event: 6.567 Thread 0x000002581186dde0 Exception <a 'java/lang/NoSuchMethodError'{0x000000008651d4c0}: 'java.lang.Object java.lang.invoke.DirectMethodHandle$Holder.invokeInterface(java.lang.Object, java.lang.Object, java.lang.Object)'> (0x000000008651d4c0) 
thrown [s\src\hotspot\share\interpreter\linkResolver.cpp, line 759]
Event: 13.994 Thread 0x000002581186dde0 Exception <a 'java/lang/NoSuchMethodError'{0x00000000860ec2a0}: 'void java.lang.invoke.DirectMethodHandle$Holder.invokeInterface(java.lang.Object, java.lang.Object, java.lang.Object)'> (0x00000000860ec2a0) 
thrown [s\src\hotspot\share\interpreter\linkResolver.cpp, line 759]
Event: 14.033 Thread 0x000002581186dde0 Exception <a 'java/lang/NoSuchMethodError'{0x0000000085f73b68}: 'java.lang.Object java.lang.invoke.DirectMethodHandle$Holder.invokeStaticInit(java.lang.Object, java.lang.Object, java.lang.Object, java.lang.Object, java.lang.Object, java.lang.Object)'> (0x0000000085f73b68) 
thrown [s\src\hotspot\share\interpreter\linkResolver.cpp, line 759]
Event: 20.149 Thread 0x000002581186dde0 Exception <a 'java/lang/NoSuchMethodError'{0x0000000085ed3850}: 'void java.lang.invoke.DirectMethodHandle$Holder.invokeStatic(java.lang.Object, java.lang.Object, java.lang.Object, java.lang.Object)'> (0x0000000085ed3850) 
thrown [s\src\hotspot\share\interpreter\linkResolver.cpp, line 759]
Event: 66.518 Thread 0x000002581186dde0 Exception <a 'java/lang/NoSuchMethodError'{0x0000000086adc4d0}: 'void java.lang.invoke.DirectMethodHandle$Holder.invokeInterface(java.lang.Object, java.lang.Object, java.lang.Object, java.lang.Object)'> (0x0000000086adc4d0) 
thrown [s\src\hotspot\share\interpreter\linkResolver.cpp, line 759]

VM Operations (20 events):
Event: 73.069 Executing VM operation: Cleanup
Event: 73.069 Executing VM operation: Cleanup done
Event: 80.128 Executing VM operation: Cleanup
Event: 80.128 Executing VM operation: Cleanup done
Event: 82.152 Executing VM operation: Cleanup
Event: 82.153 Executing VM operation: Cleanup done
Event: 85.593 Executing VM operation: HandshakeAllThreads
Event: 85.593 Executing VM operation: HandshakeAllThreads done
Event: 85.593 Executing VM operation: Cleanup
Event: 85.595 Executing VM operation: Cleanup done
Event: 85.810 Executing VM operation: G1CollectForAllocation
Event: 85.819 Executing VM operation: G1CollectForAllocation done
Event: 90.870 Executing VM operation: Cleanup
Event: 90.870 Executing VM operation: Cleanup done
Event: 95.905 Executing VM operation: Cleanup
Event: 95.905 Executing VM operation: Cleanup done
Event: 96.911 Executing VM operation: Cleanup
Event: 96.911 Executing VM operation: Cleanup done
Event: 112.270 Executing VM operation: G1CollectForAllocation
Event: 112.279 Executing VM operation: G1CollectForAllocation done

Events (20 events):
Event: 31.000 Thread 0x000002582f6b3020 Thread added: 0x000002582f6b3020
Event: 31.057 Thread 0x000002582f03a9b0 Thread added: 0x000002582f03a9b0
Event: 36.433 Thread 0x000002582f6b3020 Thread exited: 0x000002582f6b3020
Event: 38.928 Thread 0x000002582f03b3d0 Thread added: 0x000002582f03b3d0
Event: 47.243 Thread 0x000002582f51a4d0 Thread added: 0x000002582f51a4d0
Event: 47.422 Thread 0x000002583076ee50 Thread added: 0x000002583076ee50
Event: 47.509 loading class jdk/internal/access/foreign/MemorySegmentProxy
Event: 47.509 loading class jdk/internal/access/foreign/MemorySegmentProxy done
Event: 50.621 Thread 0x000002583076ee50 Thread exited: 0x000002583076ee50
Event: 71.902 Thread 0x000002583048a8c0 Thread added: 0x000002583048a8c0
Event: 71.959 Thread 0x000002582f51c840 Thread added: 0x000002582f51c840
Event: 77.397 Thread 0x000002583048a8c0 Thread exited: 0x000002583048a8c0
Event: 85.404 Thread 0x000002580f6cc2a0 Thread added: 0x000002580f6cc2a0
Event: 85.449 Thread 0x000002582f51c330 Thread added: 0x000002582f51c330
Event: 90.438 Thread 0x000002580f6cc2a0 Thread exited: 0x000002580f6cc2a0
Event: 95.832 Thread 0x000002582f518670 Thread added: 0x000002582f518670
Event: 95.866 Thread 0x0000025831331640 Thread added: 0x0000025831331640
Event: 101.216 Thread 0x0000025831331640 Thread exited: 0x0000025831331640
Event: 112.223 Thread 0x000002582f519fc0 Thread added: 0x000002582f519fc0
Event: 112.285 Thread 0x000002583072e730 Thread added: 0x000002583072e730


Dynamic libraries:
0x00007ff74ebf0000 - 0x00007ff74ebfe000 	C:\Users\lenovo\.p2\pool\plugins\org.eclipse.justj.openjdk.hotspot.jre.full.win32.x86_64_17.0.8.v20230831-1047\jre\bin\javaw.exe
0x00007ffb09760000 - 0x00007ffb09969000 	C:\Windows\SYSTEM32\ntdll.dll
0x00007ffb08350000 - 0x00007ffb0840d000 	C:\Windows\System32\KERNEL32.DLL
0x00007ffb06ed0000 - 0x00007ffb07254000 	C:\Windows\System32\KERNELBASE.dll
0x00007ffb06d80000 - 0x00007ffb06e91000 	C:\Windows\System32\ucrtbase.dll
0x00007ffaea7b0000 - 0x00007ffaea7c7000 	C:\Users\lenovo\.p2\pool\plugins\org.eclipse.justj.openjdk.hotspot.jre.full.win32.x86_64_17.0.8.v20230831-1047\jre\bin\jli.dll
0x00007ffb08d40000 - 0x00007ffb08eed000 	C:\Windows\System32\USER32.dll
0x00007ffb06ea0000 - 0x00007ffb06ec6000 	C:\Windows\System32\win32u.dll
0x00007ffaf4610000 - 0x00007ffaf48b5000 	C:\Windows\WinSxS\amd64_microsoft.windows.common-controls_6595b64144ccf1df_6.0.22000.120_none_9d947278b86cc467\COMCTL32.dll
0x00007ffb07d90000 - 0x00007ffb07dba000 	C:\Windows\System32\GDI32.dll
0x00007ffb08060000 - 0x00007ffb08103000 	C:\Windows\System32\msvcrt.dll
0x00007ffb07490000 - 0x00007ffb075ae000 	C:\Windows\System32\gdi32full.dll
0x00007ffb06bf0000 - 0x00007ffb06c8d000 	C:\Windows\System32\msvcp_win.dll
0x00007ffae7bd0000 - 0x00007ffae7be9000 	C:\Users\lenovo\.p2\pool\plugins\org.eclipse.justj.openjdk.hotspot.jre.full.win32.x86_64_17.0.8.v20230831-1047\jre\bin\VCRUNTIME140.dll
0x00007ffb075b0000 - 0x00007ffb075e1000 	C:\Windows\System32\IMM32.DLL
0x00007ffaf5ef0000 - 0x00007ffaf5efc000 	C:\Users\lenovo\.p2\pool\plugins\org.eclipse.justj.openjdk.hotspot.jre.full.win32.x86_64_17.0.8.v20230831-1047\jre\bin\vcruntime140_1.dll
0x00007ffadf250000 - 0x00007ffadf2e1000 	C:\Users\lenovo\.p2\pool\plugins\org.eclipse.justj.openjdk.hotspot.jre.full.win32.x86_64_17.0.8.v20230831-1047\jre\bin\msvcp140.dll
0x00007ffac2e50000 - 0x00007ffac3a9c000 	C:\Users\lenovo\.p2\pool\plugins\org.eclipse.justj.openjdk.hotspot.jre.full.win32.x86_64_17.0.8.v20230831-1047\jre\bin\server\jvm.dll
0x00007ffb082a0000 - 0x00007ffb0834e000 	C:\Windows\System32\ADVAPI32.dll
0x00007ffb09590000 - 0x00007ffb0962e000 	C:\Windows\System32\sechost.dll
0x00007ffb07f10000 - 0x00007ffb08031000 	C:\Windows\System32\RPCRT4.dll
0x00007ffb05550000 - 0x00007ffb0559d000 	C:\Windows\SYSTEM32\POWRPROF.dll
0x00007ffaf2fb0000 - 0x00007ffaf2fb9000 	C:\Windows\SYSTEM32\WSOCK32.dll
0x00007ffb08110000 - 0x00007ffb0817f000 	C:\Windows\System32\WS2_32.dll
0x00007ffb00f30000 - 0x00007ffb00f63000 	C:\Windows\SYSTEM32\WINMM.dll
0x00007ffafe620000 - 0x00007ffafe62a000 	C:\Windows\SYSTEM32\VERSION.dll
0x00007ffb05640000 - 0x00007ffb05653000 	C:\Windows\SYSTEM32\UMPDC.dll
0x00007ffb05d50000 - 0x00007ffb05d68000 	C:\Windows\SYSTEM32\kernel.appcore.dll
0x00007ffaed680000 - 0x00007ffaed68a000 	C:\Users\lenovo\.p2\pool\plugins\org.eclipse.justj.openjdk.hotspot.jre.full.win32.x86_64_17.0.8.v20230831-1047\jre\bin\jimage.dll
0x00007ffaf7bd0000 - 0x00007ffaf7df1000 	C:\Windows\SYSTEM32\DBGHELP.DLL
0x00007ffaf7a80000 - 0x00007ffaf7ab1000 	C:\Windows\SYSTEM32\dbgcore.DLL
0x00007ffb06c90000 - 0x00007ffb06d0f000 	C:\Windows\System32\bcryptPrimitives.dll
0x00007ffae6710000 - 0x00007ffae6735000 	C:\Users\lenovo\.p2\pool\plugins\org.eclipse.justj.openjdk.hotspot.jre.full.win32.x86_64_17.0.8.v20230831-1047\jre\bin\java.dll
0x00007ffae6450000 - 0x00007ffae6468000 	C:\Users\lenovo\.p2\pool\plugins\org.eclipse.justj.openjdk.hotspot.jre.full.win32.x86_64_17.0.8.v20230831-1047\jre\bin\zip.dll
0x00007ffb08410000 - 0x00007ffb08bd5000 	C:\Windows\System32\SHELL32.dll
0x00007ffb04cd0000 - 0x00007ffb05532000 	C:\Windows\SYSTEM32\windows.storage.dll
0x00007ffb09210000 - 0x00007ffb09586000 	C:\Windows\System32\combase.dll
0x00007ffb04b60000 - 0x00007ffb04cc7000 	C:\Windows\SYSTEM32\wintypes.dll
0x00007ffb09630000 - 0x00007ffb0971a000 	C:\Windows\System32\SHCORE.dll
0x00007ffb07dc0000 - 0x00007ffb07e1d000 	C:\Windows\System32\shlwapi.dll
0x00007ffb06b20000 - 0x00007ffb06b45000 	C:\Windows\SYSTEM32\profapi.dll
0x00007ffae43d0000 - 0x00007ffae43e9000 	C:\Users\lenovo\.p2\pool\plugins\org.eclipse.justj.openjdk.hotspot.jre.full.win32.x86_64_17.0.8.v20230831-1047\jre\bin\net.dll
0x00007ffb007f0000 - 0x00007ffb00904000 	C:\Windows\SYSTEM32\WINHTTP.dll
0x00007ffb06200000 - 0x00007ffb06267000 	C:\Windows\system32\mswsock.dll
0x00007ffae40d0000 - 0x00007ffae40e5000 	C:\Users\lenovo\.p2\pool\plugins\org.eclipse.justj.openjdk.hotspot.jre.full.win32.x86_64_17.0.8.v20230831-1047\jre\bin\nio.dll
0x00007ffaf91f0000 - 0x00007ffaf9200000 	C:\Users\lenovo\.p2\pool\plugins\org.eclipse.justj.openjdk.hotspot.jre.full.win32.x86_64_17.0.8.v20230831-1047\jre\bin\verify.dll
0x00007ffb06440000 - 0x00007ffb06458000 	C:\Windows\SYSTEM32\CRYPTSP.dll
0x00007ffb05cb0000 - 0x00007ffb05ce5000 	C:\Windows\system32\rsaenh.dll
0x00007ffb062f0000 - 0x00007ffb0631c000 	C:\Windows\SYSTEM32\USERENV.dll
0x00007ffb065c0000 - 0x00007ffb065e7000 	C:\Windows\SYSTEM32\bcrypt.dll
0x00007ffb06460000 - 0x00007ffb0646c000 	C:\Windows\SYSTEM32\CRYPTBASE.dll
0x00007ffb05870000 - 0x00007ffb0589d000 	C:\Windows\SYSTEM32\IPHLPAPI.DLL
0x00007ffb07b30000 - 0x00007ffb07b39000 	C:\Windows\System32\NSI.dll
0x00007ffb007d0000 - 0x00007ffb007e9000 	C:\Windows\SYSTEM32\dhcpcsvc6.DLL
0x00007ffb00c10000 - 0x00007ffb00c2e000 	C:\Windows\SYSTEM32\dhcpcsvc.DLL
0x00007ffb058a0000 - 0x00007ffb05987000 	C:\Windows\SYSTEM32\DNSAPI.dll
0x00007ffaf9690000 - 0x00007ffaf969a000 	C:\Windows\System32\rasadhlp.dll
0x00007ffafda00000 - 0x00007ffafda81000 	C:\Windows\System32\fwpuclnt.dll
0x00007ffaea920000 - 0x00007ffaea92e000 	C:\Users\lenovo\.p2\pool\plugins\org.eclipse.justj.openjdk.hotspot.jre.full.win32.x86_64_17.0.8.v20230831-1047\jre\bin\sunmscapi.dll
0x00007ffb07260000 - 0x00007ffb073c2000 	C:\Windows\System32\CRYPT32.dll
0x00007ffb06590000 - 0x00007ffb065b8000 	C:\Windows\SYSTEM32\ncrypt.dll
0x00007ffb06550000 - 0x00007ffb06587000 	C:\Windows\SYSTEM32\NTASN1.dll

dbghelp: loaded successfully - version: 4.0.5 - missing functions: none
symbol engine: initialized successfully - sym options: 0x614 - pdb path: .;C:\Users\lenovo\.p2\pool\plugins\org.eclipse.justj.openjdk.hotspot.jre.full.win32.x86_64_17.0.8.v20230831-1047\jre\bin;C:\Windows\SYSTEM32;C:\Windows\WinSxS\amd64_microsoft.windows.common-controls_6595b64144ccf1df_6.0.22000.120_none_9d947278b86cc467;C:\Users\lenovo\.p2\pool\plugins\org.eclipse.justj.openjdk.hotspot.jre.full.win32.x86_64_17.0.8.v20230831-1047\jre\bin\server

VM Arguments:
jvm_args: -Dfile.encoding=UTF-8 -Dstdout.encoding=UTF-8 -Dstderr.encoding=UTF-8 -XX:+ShowCodeDetailsInExceptionMessages 
java_command: com.miran.CONTROLLER.Main_Controller
java_class_path (initial): D:\Java\library_management_system\target\classes;C:\Users\lenovo\.m2\repository\mysql\mysql-connector-java\8.0.28\mysql-connector-java-8.0.28.jar;C:\Users\lenovo\.m2\repository\com\google\protobuf\protobuf-java\3.11.4\protobuf-java-3.11.4.jar;C:\Users\lenovo\.m2\repository\org\hibernate\hibernate-core\5.6.14.Final\hibernate-core-5.6.14.Final.jar;C:\Users\lenovo\.m2\repository\org\jboss\logging\jboss-logging\3.4.3.Final\jboss-logging-3.4.3.Final.jar;C:\Users\lenovo\.m2\repository\javax\persistence\javax.persistence-api\2.2\javax.persistence-api-2.2.jar;C:\Users\lenovo\.m2\repository\net\bytebuddy\byte-buddy\1.12.18\byte-buddy-1.12.18.jar;C:\Users\lenovo\.m2\repository\antlr\antlr\2.7.7\antlr-2.7.7.jar;C:\Users\lenovo\.m2\repository\org\jboss\spec\javax\transaction\jboss-transaction-api_1.2_spec\1.1.1.Final\jboss-transaction-api_1.2_spec-1.1.1.Final.jar;C:\Users\lenovo\.m2\repository\org\jboss\jandex\2.4.2.Final\jandex-2.4.2.Final.jar;C:\Users\lenovo\.m2\repository\com\fasterxml\classmate\1.5.1\classmate-1.5.1.jar;C:\Users\lenovo\.m2\repository\javax\activation\javax.activation-api\1.2.0\javax.activation-api-1.2.0.jar;C:\Users\lenovo\.m2\repository\org\hibernate\common\hibernate-commons-annotations\5.1.2.Final\hibernate-commons-annotations-5.1.2.Final.jar;C:\Users\lenovo\.m2\repository\javax\xml\bind\jaxb-api\2.3.1\jaxb-api-2.3.1.jar;C:\Users\lenovo\.m2\repository\org\glassfish\jaxb\jaxb-runtime\2.3.1\jaxb-runtime-2.3.1.jar;C:\Users\lenovo\.m2\repository\org\glassfish\jaxb\txw2\2.3.1\txw2-2.3.1.jar;C:\Users\lenovo\.m2\repository\com\sun\istack\istack-commons-runtime\3.0.7\istack-commons-runtime-3.0.7.jar;C:\Users\lenovo\.m2\repository\org\jvnet\staxex\stax-ex\1.8\stax-ex-1.8.jar;C:\Users\lenovo\.m2\repository\com\sun\xml\fastinfoset\FastInfoset\1.2.15\FastInfoset-1.2.15.jar
Launcher Type: SUN_STANDARD

[Global flags]
     intx CICompilerCount                          = 3                                         {product} {ergonomic}
     uint ConcGCThreads                            = 1                                         {product} {ergonomic}
     uint G1ConcRefinementThreads                  = 4                                         {product} {ergonomic}
   size_t G1HeapRegionSize                         = 1048576                                   {product} {ergonomic}
    uintx GCDrainStackTargetSize                   = 64                                        {product} {ergonomic}
   size_t InitialHeapSize                          = 130023424                                 {product} {ergonomic}
   size_t MarkStackSize                            = 4194304                                   {product} {ergonomic}
   size_t MaxHeapSize                              = 2065694720                                {product} {ergonomic}
   size_t MaxNewSize                               = 1239416832                                {product} {ergonomic}
   size_t MinHeapDeltaBytes                        = 1048576                                   {product} {ergonomic}
   size_t MinHeapSize                              = 8388608                                   {product} {ergonomic}
    uintx NonNMethodCodeHeapSize                   = 5832780                                {pd product} {ergonomic}
    uintx NonProfiledCodeHeapSize                  = 122912730                              {pd product} {ergonomic}
    uintx ProfiledCodeHeapSize                     = 122912730                              {pd product} {ergonomic}
    uintx ReservedCodeCacheSize                    = 251658240                              {pd product} {ergonomic}
     bool SegmentedCodeCache                       = true                                      {product} {ergonomic}
     bool ShowCodeDetailsInExceptionMessages       = true                                   {manageable} {command line}
   size_t SoftMaxHeapSize                          = 2065694720                             {manageable} {ergonomic}
     bool UseCompressedClassPointers               = true                           {product lp64_product} {ergonomic}
     bool UseCompressedOops                        = true                           {product lp64_product} {ergonomic}
     bool UseG1GC                                  = true                                      {product} {ergonomic}
     bool UseLargePagesIndividualAllocation        = false                                  {pd product} {ergonomic}

Logging:
Log output configuration:
 #0: stdout all=warning uptime,level,tags
 #1: stderr all=off uptime,level,tags

Environment Variables:
PATH=C:/Users/lenovo/.p2/pool/plugins/org.eclipse.justj.openjdk.hotspot.jre.full.win32.x86_64_21.0.1.v20231028-0937/jre/bin/server;C:/Users/lenovo/.p2/pool/plugins/org.eclipse.justj.openjdk.hotspot.jre.full.win32.x86_64_21.0.1.v20231028-0937/jre/bin;C:\Program Files\Eclipse Adoptium\jdk-17.0.10.7-hotspot\bin;C:\Program Files (x86)\Common Files\Oracle\Java\javapath;D:\oracle\product\10.2.0\db_1\bin;C:\Windows\system32;C:\Windows;C:\Windows\System32\Wbem;C:\Windows\System32\WindowsPowerShell\v1.0\;C:\Windows\System32\OpenSSH\;C:\Program Files\Java\jdk1.8.0_311\bin;C:\Program Files\Java\jre1.8.0_311\bin;C:\Program Files\nodejs\;C:\MinGW\bin;C:\Program Files\MongoDB\Server\6.0\bin;C:\mongosh\mongosh-1.10.4-win32-x64\bin;C:\Program Files\R\R-4.3.1\bin;C:\Program Files\MySQL\MySQL Server 8.0\bin;C:\Program Files\Git\cmd;C:\Program Files\Docker\Docker\resources\bin;C:\Program Files (x86)\Microsoft SQL Server\160\Tools\Binn\;C:\Program Files\Microsoft SQL Server\160\Tools\Binn\;C:\Program Files\Microsoft SQL Server\Client SDK\ODBC\170\Tools\Binn\;C:\Program Files\Microsoft SQL Server\160\DTS\Binn\;C:\Program Files (x86)\Microsoft SQL Server\160\DTS\Binn\;C:\Program Files\Azure Data Studio\bin;C:\Program Files\MySQL\MySQL Shell 8.0\bin\;C:\Users\lenovo\AppData\Local\Programs\Python\Python311\Scripts\;C:\Users\lenovo\AppData\Local\Programs\Python\Python311\;C:\Users\lenovo\AppData\Local\Microsoft\WindowsApps;C:\Users\lenovo\AppData\Local\Programs\Microsoft VS Code\bin;C:\Users\lenovo\AppData\Roaming\npm;C:\Users\lenovo\AppData\Local\atom\bin;C:\msys64\mingw64\bin;C:\Program Files\JetBrains\PyCharm 2023.2.1\bin;;C:\Program Files\JetBrains\IntelliJ IDEA 2023.3\bin;C:\Program Files\MongoDB\server\7.0\bin;;C:\Program Files\JetBrains\IntelliJ IDEA Community Edition 2023.3.4\bin;;C:\Program Files\Azure Data Studio\bin;C:\Program Files\MongoDB\Server\7.0\bin;C:\Program Files\MongoDB\mongosh-2.1.5-win32-x64\bin;C:\Users\lenovo\AppData\Local\Programs\mongosh\;C:\Windows\system32;
USERNAME=lenovo
OS=Windows_NT
PROCESSOR_IDENTIFIER=Intel64 Family 6 Model 69 Stepping 1, GenuineIntel
TMP=C:\Users\lenovo\AppData\Local\Temp
TEMP=C:\Users\lenovo\AppData\Local\Temp



---------------  S Y S T E M  ---------------

OS:
 Windows 11 , 64 bit Build 22000 (10.0.22000.2538)
OS uptime: 9 days 9:41 hours
Hyper-V role detected

CPU: total 4 (initial active 4) (2 cores per cpu, 2 threads per core) family 6 model 69 stepping 1 microcode 0x26, cx8, cmov, fxsr, ht, mmx, sse, sse2, sse3, ssse3, sse4.1, sse4.2, popcnt, lzcnt, tsc, tscinvbit, avx, avx2, aes, erms, clmul, bmi1, bmi2, fma, vzeroupper, clflush, hv
Processor Information for all 4 processors :
  Max Mhz: 2494, Current Mhz: 1895, Mhz Limit: 1895

Memory: 4k page, system-wide physical 7879M (418M free)
TotalPageFile size 24438M (AvailPageFile size 1M)
current process WorkingSet (physical memory assigned to process): 155M, peak: 170M
current process commit charge ("private bytes"): 179M, peak: 225M

vm_info: OpenJDK 64-Bit Server VM (17.0.8.1+1) for windows-amd64 JRE (17.0.8.1+1), built on Aug 23 2023 15:29:17 by "admin" with MS VC++ 16.7 (VS2019)

END.
